2025-12-08 17:04:39,769 --- Processing Request: 20.600707833169363, 78.96123164136587 ---
2025-12-08 17:04:40,892 Image shape: (640, 640, 3), Mean: 116.46, Std: 34.87
2025-12-08 17:04:40,899 BBox: (78.96037333840721, 20.599904414231172, 78.96208994432453, 20.601511252107553)
2025-12-08 17:04:59,692 Mask 0: score=0.965, area_ratio=0.2240 (22.40%)
2025-12-08 17:04:59,693 Mask 1: score=1.002, area_ratio=0.3145 (31.45%)
2025-12-08 17:04:59,693 Mask 2: score=0.871, area_ratio=0.5372 (53.72%)
2025-12-08 17:04:59,779 Generated 1 polygons
2025-12-08 17:04:59,829 Calculated area: 11485.701839336742 m2
2025-12-08 17:05:18,109 --- Processing Request: 20.600662640640657, 78.96254592378317 ---
2025-12-08 17:05:19,143 Image shape: (640, 640, 3), Mean: 98.86, Std: 33.31
2025-12-08 17:05:19,150 BBox: (78.9616876208245, 20.599859221464264, 78.96340422674183, 20.60146605981705)
2025-12-08 17:05:28,597 Mask 0: score=1.006, area_ratio=0.3096 (30.96%)
2025-12-08 17:05:28,599 Mask 1: score=0.918, area_ratio=0.3850 (38.50%)
2025-12-08 17:05:28,599 Mask 2: score=0.947, area_ratio=0.3843 (38.43%)
2025-12-08 17:05:28,608 Generated 1 polygons
2025-12-08 17:05:28,611 Calculated area: 11303.746880404522 m2
2025-12-08 17:06:09,258 --- Processing Request: 20.600190628984617, 78.9626424833077 ---
2025-12-08 17:06:10,553 Image shape: (640, 640, 3), Mean: 100.14, Std: 32.68
2025-12-08 17:06:10,560 BBox: (78.96178418034904, 20.599387207320362, 78.96350078626637, 20.600994050648872)
2025-12-08 17:06:19,934 Mask 0: score=0.989, area_ratio=0.1156 (11.56%)
2025-12-08 17:06:19,934 Mask 1: score=0.889, area_ratio=0.2066 (20.66%)
2025-12-08 17:06:19,935 Mask 2: score=0.712, area_ratio=0.2186 (21.86%)
2025-12-08 17:06:19,943 Generated 1 polygons
2025-12-08 17:06:19,947 Calculated area: 4223.058228768496 m2
2025-12-08 17:06:45,157 --- Processing Request: 20.599949601192257, 78.9626585765618 ---
2025-12-08 17:06:46,386 Image shape: (640, 640, 3), Mean: 103.97, Std: 34.22
2025-12-08 17:06:46,392 BBox: (78.96180027360313, 20.59914617825762, 78.96351687952045, 20.600753024126895)
2025-12-08 17:06:55,779 Mask 0: score=0.949, area_ratio=0.0735 (7.35%)
2025-12-08 17:06:55,779 Mask 1: score=0.965, area_ratio=0.2095 (20.95%)
2025-12-08 17:06:55,780 Mask 2: score=0.880, area_ratio=0.2141 (21.41%)
2025-12-08 17:06:55,790 Generated 1 polygons
2025-12-08 17:06:55,794 Calculated area: 7650.008832221252 m2
2025-12-08 17:07:05,467 --- Processing Request: 20.600165521940696, 78.96152131993948 ---
2025-12-08 17:07:07,565 Image shape: (640, 640, 3), Mean: 102.34, Std: 29.11
2025-12-08 17:07:07,569 BBox: (78.96066301698082, 20.599362100144106, 78.96237962289814, 20.600968943737286)
2025-12-08 17:07:16,978 Mask 0: score=0.986, area_ratio=0.2410 (24.10%)
2025-12-08 17:07:16,978 Mask 1: score=0.972, area_ratio=0.2810 (28.10%)
2025-12-08 17:07:16,978 Mask 2: score=0.885, area_ratio=0.6610 (66.10%)
2025-12-08 17:07:16,991 Generated 3 polygons
2025-12-08 17:07:16,993 Calculated area: 0.08915060199205879 m2
2025-12-08 17:07:40,490 --- Processing Request: 20.600095222195726, 78.96159105737387 ---
2025-12-08 17:07:41,725 Image shape: (640, 640, 3), Mean: 102.01, Std: 29.17
2025-12-08 17:07:41,734 BBox: (78.9607327544152, 20.59929180002861, 78.96244936033253, 20.600898644362843)
2025-12-08 17:07:51,191 Mask 0: score=0.983, area_ratio=0.2318 (23.18%)
2025-12-08 17:07:51,192 Mask 1: score=0.941, area_ratio=0.2851 (28.51%)
2025-12-08 17:07:51,194 Mask 2: score=0.827, area_ratio=0.6383 (63.83%)
2025-12-08 17:07:51,203 Generated 1 polygons
2025-12-08 17:07:51,204 Calculated area: 8464.750764250688 m2
2025-12-08 17:08:06,008 --- Processing Request: 20.60010526501842, 78.9612906499642 ---
2025-12-08 17:08:06,951 Image shape: (640, 640, 3), Mean: 104.67, Std: 29.23
2025-12-08 17:08:06,960 BBox: (78.96043234700554, 20.599301842904236, 78.96214895292286, 20.600908687132605)
2025-12-08 17:08:16,363 Mask 0: score=0.992, area_ratio=0.2543 (25.43%)
2025-12-08 17:08:16,363 Mask 1: score=0.923, area_ratio=0.5095 (50.95%)
2025-12-08 17:08:16,363 Mask 2: score=0.934, area_ratio=0.5358 (53.58%)
2025-12-08 17:08:16,379 Generated 1 polygons
2025-12-08 17:08:16,381 Calculated area: 9285.29086040552 m2
2025-12-08 17:08:27,628 --- Processing Request: 20.59934703004402, 78.96207921941458 ---
2025-12-08 17:08:29,895 Image shape: (640, 640, 3), Mean: 102.51, Std: 29.36
2025-12-08 17:08:29,901 BBox: (78.96122091645591, 20.598543603933486, 78.96293752237324, 20.60015045615455)
2025-12-08 17:08:39,352 Mask 0: score=0.898, area_ratio=0.2500 (25.00%)
2025-12-08 17:08:39,353 Mask 1: score=0.950, area_ratio=0.6263 (62.63%)
2025-12-08 17:08:39,354 Mask 2: score=0.967, area_ratio=0.7493 (74.93%)
2025-12-08 17:08:39,369 Generated 30 polygons
2025-12-08 17:08:39,370 Calculated area: 0.17830139474357867 m2
2025-12-08 17:08:46,446 --- Processing Request: 20.59934703004402, 78.96207921941458 ---
2025-12-08 17:08:48,294 Image shape: (640, 640, 3), Mean: 102.51, Std: 29.36
2025-12-08 17:08:48,300 BBox: (78.96122091645591, 20.598543603933486, 78.96293752237324, 20.60015045615455)
2025-12-08 17:08:57,717 Mask 0: score=0.898, area_ratio=0.2500 (25.00%)
2025-12-08 17:08:57,717 Mask 1: score=0.950, area_ratio=0.6263 (62.63%)
2025-12-08 17:08:57,717 Mask 2: score=0.967, area_ratio=0.7493 (74.93%)
2025-12-08 17:08:57,733 Generated 30 polygons
2025-12-08 17:08:57,738 Calculated area: 0.17830139474357867 m2
2025-12-08 17:14:58,090 --- Processing Request: 20.59566846317788, 78.96333988227843 ---
2025-12-08 17:15:01,596 Image shape: (640, 640, 3), Mean: 115.70, Std: 33.71
2025-12-08 17:15:01,602 BBox: (78.96248157931977, 20.594865017681105, 78.9641981852371, 20.596471908674655)
2025-12-08 17:15:19,310 Mask 0: score=0.999, area_ratio=0.2938 (29.38%)
2025-12-08 17:15:19,313 Mask 1: score=0.976, area_ratio=0.3653 (36.53%)
2025-12-08 17:15:19,313 Mask 2: score=0.911, area_ratio=0.5066 (50.66%)
2025-12-08 17:15:19,396 Generated 1 polygons
2025-12-08 17:15:19,462 Calculated area: 10729.798614021218 m2
2025-12-08 17:21:32,935 --- Processing Request: 20.597586686008725, 78.96452541866302 ---
2025-12-08 17:21:34,120 Image shape: (640, 640, 3), Mean: 103.38, Std: 29.32
2025-12-08 17:21:34,130 BBox: (78.96366711570435, 20.59678325062067, 78.96538372162168, 20.59839012139678)
2025-12-08 17:21:43,629 Mask 0: score=0.953, area_ratio=0.1038 (10.38%)
2025-12-08 17:21:43,631 Mask 1: score=0.977, area_ratio=0.2150 (21.50%)
2025-12-08 17:21:43,631 Mask 2: score=0.821, area_ratio=0.3970 (39.70%)
2025-12-08 17:21:43,643 Generated 1 polygons
2025-12-08 17:21:43,647 Calculated area: 7851.306750963133 m2
2025-12-08 17:21:50,851 --- Processing Request: 20.597446084107826, 78.96499748744964 ---
2025-12-08 17:21:52,147 Image shape: (640, 640, 3), Mean: 93.72, Std: 31.38
2025-12-08 17:21:52,154 BBox: (78.96413918449097, 20.596642647978793, 78.9658557904083, 20.59824952023686)
2025-12-08 17:22:01,779 Mask 0: score=0.997, area_ratio=0.1800 (18.00%)
2025-12-08 17:22:01,781 Mask 1: score=1.001, area_ratio=0.1819 (18.19%)
2025-12-08 17:22:01,781 Mask 2: score=0.913, area_ratio=0.4232 (42.32%)
2025-12-08 17:22:01,793 Generated 1 polygons
2025-12-08 17:22:01,798 Calculated area: 6641.889690755714 m2
2025-12-08 17:22:30,054 --- Processing Request: 20.59658238387182, 78.96427865543365 ---
2025-12-08 17:22:31,388 Image shape: (640, 640, 3), Mean: 101.74, Std: 30.72
2025-12-08 17:22:31,394 BBox: (78.96342035247498, 20.595778943191146, 78.9651369583923, 20.597385824552493)
2025-12-08 17:22:41,056 Mask 0: score=0.943, area_ratio=0.0808 (8.08%)
2025-12-08 17:22:41,057 Mask 1: score=0.991, area_ratio=0.1016 (10.16%)
2025-12-08 17:22:41,057 Mask 2: score=0.772, area_ratio=0.3174 (31.74%)
2025-12-08 17:22:41,067 Generated 1 polygons
2025-12-08 17:22:41,070 Calculated area: 3710.616497385181 m2
2025-12-08 17:23:00,715 --- Processing Request: 20.595859282236816, 78.96412845172881 ---
2025-12-08 17:23:01,608 Image shape: (640, 640, 3), Mean: 104.91, Std: 32.51
2025-12-08 17:23:01,613 BBox: (78.96327014877015, 20.595055837745587, 78.96498675468747, 20.596662726728045)
2025-12-08 17:23:11,179 Mask 0: score=0.748, area_ratio=0.0063 (0.63%)
2025-12-08 17:23:11,179 Mask 1: score=0.846, area_ratio=0.1227 (12.27%)
2025-12-08 17:23:11,179 Mask 2: score=0.899, area_ratio=0.2809 (28.09%)
2025-12-08 17:23:11,231 Generated 155 polygons
2025-12-08 17:23:11,231 Filtering noise: Keeping largest polygon of 155
2025-12-08 17:23:11,235 Calculated area: 10181.181981877653 m2
2025-12-08 17:23:29,477 --- Processing Request: 20.59793142810784, 78.96368572295401 ---
2025-12-08 17:23:30,448 Image shape: (640, 640, 3), Mean: 110.36, Std: 30.30
2025-12-08 17:23:30,457 BBox: (78.96282741999535, 20.597127994536617, 78.96454402591267, 20.598734861679066)
2025-12-08 17:23:39,999 Mask 0: score=0.878, area_ratio=0.2012 (20.12%)
2025-12-08 17:23:39,999 Mask 1: score=0.999, area_ratio=0.3456 (34.56%)
2025-12-08 17:23:40,001 Mask 2: score=0.817, area_ratio=0.5384 (53.84%)
2025-12-08 17:23:40,013 Generated 1 polygons
2025-12-08 17:23:40,017 Calculated area: 12620.78660821658 m2
2025-12-08 17:24:30,218 --- Processing Request: 20.5987599705166, 78.96444210589621 ---
2025-12-08 17:24:31,485 Image shape: (640, 640, 3), Mean: 102.03, Std: 31.85
2025-12-08 17:24:31,491 BBox: (78.96358380293755, 20.59795654131201, 78.96530040885487, 20.59956339972119)
2025-12-08 17:24:41,035 Mask 0: score=0.979, area_ratio=0.1287 (12.87%)
2025-12-08 17:24:41,036 Mask 1: score=0.962, area_ratio=0.1490 (14.90%)
2025-12-08 17:24:41,036 Mask 2: score=0.724, area_ratio=0.4069 (40.69%)
2025-12-08 17:24:41,048 Generated 2 polygons
2025-12-08 17:24:41,048 Filtering noise: Keeping largest polygon of 2
2025-12-08 17:24:41,049 Calculated area: 4700.01670912646 m2
2025-12-08 17:24:49,540 --- Processing Request: 20.598684648665508, 78.96478542865012 ---
2025-12-08 17:24:50,412 Image shape: (640, 640, 3), Mean: 97.35, Std: 31.77
2025-12-08 17:24:50,420 BBox: (78.96392712569146, 20.597881219063943, 78.96564373160878, 20.599488078267072)
2025-12-08 17:25:00,054 Mask 0: score=0.918, area_ratio=0.2058 (20.58%)
2025-12-08 17:25:00,054 Mask 1: score=0.931, area_ratio=0.3582 (35.82%)
2025-12-08 17:25:00,054 Mask 2: score=0.808, area_ratio=0.7307 (73.07%)
2025-12-08 17:25:00,072 Generated 16 polygons
2025-12-08 17:25:00,072 Filtering noise: Keeping largest polygon of 16
2025-12-08 17:25:00,075 Calculated area: 7497.473006646295 m2
2025-12-08 17:25:12,525 --- Processing Request: 20.59734275737868, 78.96344700635169 ---
2025-12-08 17:25:13,759 Image shape: (640, 640, 3), Mean: 118.54, Std: 32.47
2025-12-08 17:25:13,767 BBox: (78.96258870339302, 20.596539320705112, 78.96430530931035, 20.598146194052248)
2025-12-08 17:25:23,328 Mask 0: score=1.001, area_ratio=0.2811 (28.11%)
2025-12-08 17:25:23,328 Mask 1: score=0.903, area_ratio=0.4582 (45.82%)
2025-12-08 17:25:23,328 Mask 2: score=0.819, area_ratio=0.4472 (44.72%)
2025-12-08 17:25:23,340 Generated 1 polygons
2025-12-08 17:25:23,343 Calculated area: 10266.121478636433 m2
2025-12-08 17:25:46,975 --- Processing Request: 20.599452017365866, 78.96402189556412 ---
2025-12-08 17:25:48,338 Image shape: (640, 640, 3), Mean: 100.11, Std: 40.13
2025-12-08 17:25:48,345 BBox: (78.96316359260545, 20.59864859180867, 78.96488019852278, 20.600255442923064)
2025-12-08 17:25:57,981 Mask 0: score=0.979, area_ratio=0.1008 (10.08%)
2025-12-08 17:25:57,981 Mask 1: score=0.917, area_ratio=0.1617 (16.17%)
2025-12-08 17:25:57,982 Mask 2: score=0.822, area_ratio=0.2111 (21.11%)
2025-12-08 17:25:57,993 Generated 1 polygons
2025-12-08 17:25:57,998 Calculated area: 3680.933192433752 m2
2025-12-08 17:26:09,720 --- Processing Request: 20.600210251818044, 78.96372685257248 ---
2025-12-08 17:26:10,851 Image shape: (640, 640, 3), Mean: 103.82, Std: 38.16
2025-12-08 17:26:10,860 BBox: (78.96286854961382, 20.599406830257212, 78.96458515553114, 20.601013673378876)
2025-12-08 17:26:19,569 Mask 0: score=0.992, area_ratio=0.1240 (12.40%)
2025-12-08 17:26:19,570 Mask 1: score=0.907, area_ratio=0.1356 (13.56%)
2025-12-08 17:26:19,570 Mask 2: score=0.794, area_ratio=0.1736 (17.36%)
2025-12-08 17:26:19,580 Generated 1 polygons
2025-12-08 17:26:19,585 Calculated area: 4527.418700946818 m2
2025-12-08 18:28:21,267 --- Processing Request: 20.595106305100067, 78.96620930486037 ---
2025-12-08 18:28:25,396 Image shape: (640, 640, 3), Mean: 128.11, Std: 32.25
2025-12-08 18:28:25,402 BBox: (78.96535100190171, 20.59430285664098, 78.96706760781903, 20.595909753559155)
2025-12-08 18:29:03,781 Mask 0: score=0.963, area_ratio=0.2723 (27.23%)
2025-12-08 18:29:03,782 Mask 1: score=0.967, area_ratio=0.5096 (50.96%)
2025-12-08 18:29:03,783 Mask 2: score=0.795, area_ratio=0.8618 (86.18%)
2025-12-08 18:29:03,783 Mask 2 SKIPPED (size)
2025-12-08 18:29:03,842 Generated 3 polygons
2025-12-08 18:29:03,842 Filtering noise: Keeping largest polygon of 3
2025-12-08 18:29:03,887 Calculated area: 9942.68312942257 m2
2025-12-08 18:41:47,401 --- Processing Request: 20.592386223212525, 78.96290099691926 ---
2025-12-08 18:41:49,127 Image shape: (640, 640, 3), Mean: 96.11, Std: 32.77
2025-12-08 18:41:49,133 BBox: (78.9620426939606, 20.591582760420966, 78.96375929987792, 20.593189686004084)
2025-12-08 18:42:25,934 Mask 0: score=0.994, area_ratio=0.2850 (28.50%)
2025-12-08 18:42:25,935 Mask 1: score=0.984, area_ratio=0.4721 (47.21%)
2025-12-08 18:42:25,935 Mask 2: score=0.910, area_ratio=0.8285 (82.85%)
2025-12-08 18:42:25,935 Mask 2 SKIPPED (size)
2025-12-08 18:42:25,956 Generated 1 polygons
2025-12-08 18:42:25,968 Calculated area: 10406.000426028882 m2
2025-12-08 19:11:21,453 --- Processing Request: 20.59404398072952, 78.96294559755324 ---
2025-12-08 19:11:23,035 Image shape: (640, 640, 3), Mean: 115.81, Std: 43.12
2025-12-08 19:11:23,040 BBox: (78.96208729459458, 20.59324052667269, 78.9638039005119, 20.59484743478635)
2025-12-08 19:12:00,937 Mask 0: score=1.002, area_ratio=0.1976 (19.76%)
2025-12-08 19:12:00,939 Mask 1: score=0.980, area_ratio=0.1992 (19.92%)
2025-12-08 19:12:00,940 Mask 2: score=0.850, area_ratio=0.4613 (46.13%)
2025-12-08 19:12:00,991 Generated 1 polygons
2025-12-08 19:12:01,034 Calculated area: 7214.411789640781 m2
2025-12-08 19:14:46,676 --- Processing Request: 20.59464908363332, 78.96184857406615 ---
2025-12-08 19:14:48,038 Image shape: (640, 640, 3), Mean: 120.89, Std: 35.59
2025-12-08 19:14:48,047 BBox: (78.96099027110749, 20.593845632764946, 78.96270687702481, 20.595452534501696)
2025-12-08 19:15:25,808 Mask 0: score=1.002, area_ratio=0.5736 (57.36%)
2025-12-08 19:15:25,808 Mask 1: score=0.996, area_ratio=0.5837 (58.37%)
2025-12-08 19:15:25,810 Mask 2: score=0.921, area_ratio=0.7308 (73.08%)
2025-12-08 19:15:25,821 Generated 2 polygons
2025-12-08 19:15:25,822 Filtering noise: Keeping largest polygon of 2
2025-12-08 19:15:25,826 Calculated area: 20944.47618517762 m2
2025-12-08 19:16:10,561 --- Processing Request: 20.59408381571928, 78.96293008625229 ---
2025-12-08 19:16:11,811 Image shape: (640, 640, 3), Mean: 116.85, Std: 42.44
2025-12-08 19:16:11,820 BBox: (78.96207178329362, 20.59328036187235, 78.96378838921095, 20.59488726956621)
2025-12-08 19:16:50,558 Mask 0: score=1.000, area_ratio=0.1984 (19.84%)
2025-12-08 19:16:50,558 Mask 1: score=0.986, area_ratio=0.2001 (20.01%)
2025-12-08 19:16:50,560 Mask 2: score=0.826, area_ratio=0.4789 (47.89%)
2025-12-08 19:16:50,574 Generated 1 polygons
2025-12-08 19:16:50,577 Calculated area: 7243.027319506753 m2
2025-12-08 19:36:04,487 --- Processing Request: 20.594501828390875, 78.96307167554437 ---
2025-12-08 19:36:05,709 Image shape: (640, 640, 3), Mean: 123.19, Std: 35.88
2025-12-08 19:36:05,714 BBox: (78.96221337258571, 20.593698376746563, 78.96392997850303, 20.595305280035188)
2025-12-08 19:36:16,408 Mask 0: score=1.000, area_ratio=0.2922 (29.22%)
2025-12-08 19:36:16,409 Mask 1: score=0.968, area_ratio=0.2963 (29.63%)
2025-12-08 19:36:16,410 Mask 2: score=0.822, area_ratio=0.4973 (49.73%)
2025-12-08 19:36:16,427 Generated 1 polygons
2025-12-08 19:36:16,440 Calculated area: 10669.904920088375 m2
2025-12-09 04:53:21,836 --- Processing Request: 19.554286868348342, 74.27021867350629 ---
2025-12-09 04:53:22,685 Image shape: (640, 640, 3), Mean: 58.50, Std: 28.65
2025-12-09 04:53:22,692 BBox: (74.26936037054763, 19.55347806819207, 74.27107697646495, 19.555095668504613)
2025-12-09 04:53:44,091 Mask 0: score=0.981, area_ratio=0.0486 (4.86%)
2025-12-09 04:53:44,092 Mask 1: score=0.995, area_ratio=0.0777 (7.77%)
2025-12-09 04:53:44,092 Mask 2: score=0.720, area_ratio=0.2538 (25.38%)
2025-12-09 04:53:44,189 Generated 1 polygons
2025-12-09 04:53:44,266 Calculated area: 2839.086091538275 m2
2025-12-09 04:58:01,433 --- Processing Request: 20.487663251807945, 74.03667299228898 ---
2025-12-09 04:58:02,520 Image shape: (640, 640, 3), Mean: 73.64, Std: 38.89
2025-12-09 04:58:02,528 BBox: (74.03581468933032, 20.486859238594445, 74.03753129524765, 20.488467265021445)
2025-12-09 04:58:13,306 Mask 0: score=0.535, area_ratio=0.0124 (1.24%)
2025-12-09 04:58:13,306 Mask 1: score=1.002, area_ratio=0.2293 (22.93%)
2025-12-09 04:58:13,306 Mask 2: score=0.819, area_ratio=0.4621 (46.21%)
2025-12-09 04:58:13,324 Generated 1 polygons
2025-12-09 04:58:13,327 Calculated area: 8373.824482800725 m2
2025-12-09 04:59:06,925 --- Processing Request: 20.593993764612996, 78.96286915459632 ---
2025-12-09 04:59:07,832 Image shape: (640, 640, 3), Mean: 114.78, Std: 43.03
2025-12-09 04:59:07,841 BBox: (78.96201085163766, 20.59319031029157, 78.96372745755498, 20.594797218934424)
2025-12-09 04:59:17,925 Mask 0: score=1.001, area_ratio=0.1969 (19.69%)
2025-12-09 04:59:17,926 Mask 1: score=0.994, area_ratio=0.1984 (19.84%)
2025-12-09 04:59:17,926 Mask 2: score=0.852, area_ratio=0.5126 (51.26%)
2025-12-09 04:59:17,939 Generated 1 polygons
2025-12-09 04:59:17,942 Calculated area: 7190.343543476527 m2
2025-12-09 05:00:31,745 --- Processing Request: 20.19094966097723, 73.87081744884446 ---
2025-12-09 05:00:32,764 Image shape: (640, 640, 3), Mean: 55.71, Std: 37.23
2025-12-09 05:00:32,778 BBox: (73.8699591458858, 20.190144102835017, 73.87167575180312, 20.19175521911944)
2025-12-09 05:00:46,140 Mask 0: score=0.696, area_ratio=0.1334 (13.34%)
2025-12-09 05:00:46,140 Mask 1: score=0.988, area_ratio=0.3876 (38.76%)
2025-12-09 05:00:46,140 Mask 2: score=0.951, area_ratio=0.6769 (67.69%)
2025-12-09 05:00:46,154 Generated 1 polygons
2025-12-09 05:00:46,158 Calculated area: 14153.263999133851 m2
2025-12-09 05:00:54,574 --- Processing Request: 20.191276920125777, 73.87338981389922 ---
2025-12-09 05:00:55,484 Image shape: (640, 640, 3), Mean: 65.07, Std: 34.50
2025-12-09 05:00:55,491 BBox: (73.87253151094056, 20.190471363675645, 73.87424811685788, 20.19208247657591)
2025-12-09 05:01:08,852 Mask 0: score=1.000, area_ratio=0.1401 (14.01%)
2025-12-09 05:01:08,852 Mask 1: score=0.878, area_ratio=0.2048 (20.48%)
2025-12-09 05:01:08,853 Mask 2: score=0.607, area_ratio=0.6394 (63.94%)
2025-12-09 05:01:08,863 Generated 1 polygons
2025-12-09 05:01:08,869 Calculated area: 5115.989802934818 m2
2025-12-09 05:01:36,694 --- Processing Request: 19.548246640855425, 74.27273234746859 ---
2025-12-09 05:01:37,607 Image shape: (640, 640, 3), Mean: 63.83, Std: 31.05
2025-12-09 05:01:37,613 BBox: (74.27187404450993, 19.547437810418703, 74.27359065042725, 19.549055471292146)
2025-12-09 05:01:51,519 Mask 0: score=0.653, area_ratio=0.0246 (2.46%)
2025-12-09 05:01:51,520 Mask 1: score=1.010, area_ratio=0.0756 (7.56%)
2025-12-09 05:01:51,521 Mask 2: score=0.893, area_ratio=0.1743 (17.43%)
2025-12-09 05:01:51,571 Generated 1 polygons
2025-12-09 05:01:51,577 Calculated area: 2760.6336576817953 m2
2025-12-09 06:02:08,084 --- Processing Request: 19.548636503882232, 74.18816252742316 ---
2025-12-09 06:02:09,211 Image shape: (640, 640, 3), Mean: 74.51, Std: 32.00
2025-12-09 06:02:09,218 BBox: (74.1873042244645, 19.547827675399674, 74.18902083038182, 19.54944533236479)
2025-12-09 06:02:49,641 Mask 0: score=0.992, area_ratio=0.0541 (5.41%)
2025-12-09 06:02:49,642 Mask 1: score=0.985, area_ratio=0.0553 (5.53%)
2025-12-09 06:02:49,642 Mask 2: score=0.605, area_ratio=0.2113 (21.13%)
2025-12-09 06:02:49,706 Generated 1 polygons
2025-12-09 06:02:49,758 Calculated area: 1974.0590264081486 m2
2025-12-09 07:17:35,568 --- Processing Request: 16.692198422550906, 74.45894641237257 ---
2025-12-09 07:17:36,469 Image shape: (640, 640, 3), Mean: 118.10, Std: 44.49
2025-12-09 07:17:36,481 BBox: (74.45808810941391, 16.691376287093714, 74.45980471533123, 16.693020558008097)
2025-12-09 07:17:52,515 Mask 0: score=0.930, area_ratio=0.2629 (26.29%)
2025-12-09 07:17:52,515 Mask 1: score=0.955, area_ratio=0.2896 (28.96%)
2025-12-09 07:17:52,518 Mask 2: score=0.887, area_ratio=0.6439 (64.39%)
2025-12-09 07:17:52,606 Generated 22 polygons
2025-12-09 07:17:52,606 Filtering noise: Keeping largest polygon of 22
2025-12-09 07:17:52,658 Calculated area: 9872.53141351223 m2
2025-12-09 07:22:15,068 --- Processing Request: 19.548233067614753, 74.18831967724613 ---
2025-12-09 07:22:15,757 Image shape: (640, 640, 3), Mean: 80.26, Std: 32.58
2025-12-09 07:22:15,768 BBox: (74.18746137428747, 19.547424237109997, 74.18917798020479, 19.54904189811951)
2025-12-09 07:22:30,292 Mask 0: score=0.927, area_ratio=0.0446 (4.46%)
2025-12-09 07:22:30,292 Mask 1: score=0.889, area_ratio=0.0876 (8.76%)
2025-12-09 07:22:30,292 Mask 2: score=0.853, area_ratio=0.2404 (24.04%)
2025-12-09 07:22:30,354 Generated 7 polygons
2025-12-09 07:22:30,354 Filtering noise: Keeping largest polygon of 7
2025-12-09 07:22:30,397 Calculated area: 8774.275890052346 m2
2025-12-09 07:22:50,901 --- Processing Request: 19.549154832079687, 74.1895996449358 ---
2025-12-09 07:22:51,729 Image shape: (640, 640, 3), Mean: 88.95, Std: 29.05
2025-12-09 07:22:51,735 BBox: (74.18874134197713, 19.54834600619527, 74.19045794789446, 19.549963657964103)
2025-12-09 07:23:06,028 Mask 0: score=0.973, area_ratio=0.0711 (7.11%)
2025-12-09 07:23:06,028 Mask 1: score=0.887, area_ratio=0.1243 (12.43%)
2025-12-09 07:23:06,028 Mask 2: score=0.802, area_ratio=0.5936 (59.36%)
2025-12-09 07:23:06,042 Generated 1 polygons
2025-12-09 07:23:06,045 Calculated area: 2597.220679316862 m2
2025-12-09 07:23:08,787 --- Processing Request: 19.549387370417588, 74.18908466080494 ---
2025-12-09 07:23:09,684 Image shape: (640, 640, 3), Mean: 83.96, Std: 29.96
2025-12-09 07:23:09,693 BBox: (74.18822635784628, 19.548578545698803, 74.1899429637636, 19.550196195136373)
2025-12-09 07:23:24,352 Mask 0: score=0.949, area_ratio=0.1425 (14.25%)
2025-12-09 07:23:24,352 Mask 1: score=0.932, area_ratio=0.2503 (25.03%)
2025-12-09 07:23:24,354 Mask 2: score=0.839, area_ratio=0.6475 (64.75%)
2025-12-09 07:23:24,376 Generated 14 polygons
2025-12-09 07:23:24,376 Filtering noise: Keeping largest polygon of 14
2025-12-09 07:23:24,381 Calculated area: 8995.093972901017 m2
2025-12-09 07:23:36,141 --- Processing Request: 19.549411782524174, 74.18902720542172 ---
2025-12-09 07:23:37,038 Image shape: (640, 640, 3), Mean: 82.82, Std: 29.99
2025-12-09 07:23:37,048 BBox: (74.18816890246306, 19.54860295792776, 74.18988550838039, 19.55022060712059)
2025-12-09 07:23:51,247 Mask 0: score=0.937, area_ratio=0.1200 (12.00%)
2025-12-09 07:23:51,247 Mask 1: score=0.933, area_ratio=0.2436 (24.36%)
2025-12-09 07:23:51,249 Mask 2: score=0.809, area_ratio=0.6200 (62.00%)
2025-12-09 07:23:51,266 Generated 16 polygons
2025-12-09 07:23:51,267 Filtering noise: Keeping largest polygon of 16
2025-12-09 07:23:51,273 Calculated area: 8839.971334777374 m2
2025-12-09 07:24:06,741 --- Processing Request: 19.54958336311203, 74.18979348994756 ---
2025-12-09 07:24:08,090 Image shape: (640, 640, 3), Mean: 87.09, Std: 26.68
2025-12-09 07:24:08,097 BBox: (74.1889351869889, 19.5487745393757, 74.19065179290622, 19.550392186848363)
2025-12-09 07:24:22,358 Mask 0: score=0.975, area_ratio=0.2024 (20.24%)
2025-12-09 07:24:22,359 Mask 1: score=0.932, area_ratio=0.4236 (42.36%)
2025-12-09 07:24:22,359 Mask 2: score=0.860, area_ratio=0.7183 (71.83%)
2025-12-09 07:24:22,373 Generated 3 polygons
2025-12-09 07:24:22,373 Filtering noise: Keeping largest polygon of 3
2025-12-09 07:24:22,377 Calculated area: 7389.595947688414 m2
2025-12-09 07:24:27,064 --- Processing Request: 19.55023042376349, 74.18963523961568 ---
2025-12-09 07:24:27,849 Image shape: (640, 640, 3), Mean: 82.86, Std: 25.70
2025-12-09 07:24:27,859 BBox: (74.18877693665702, 19.54942160327074, 74.19049354257434, 19.55103924425624)
2025-12-09 07:24:43,495 Mask 0: score=0.992, area_ratio=0.2344 (23.44%)
2025-12-09 07:24:43,496 Mask 1: score=0.969, area_ratio=0.4032 (40.32%)
2025-12-09 07:24:43,497 Mask 2: score=0.785, area_ratio=0.4125 (41.25%)
2025-12-09 07:24:43,509 Generated 1 polygons
2025-12-09 07:24:43,513 Calculated area: 8558.97577782758 m2
2025-12-09 07:32:12,100 --- Processing Request: 19.549417975384817, 74.18897456055015 ---
2025-12-09 07:32:13,295 Image shape: (640, 640, 3), Mean: 81.73, Std: 29.97
2025-12-09 07:32:13,302 BBox: (74.18811625759149, 19.548609150819445, 74.18983286350881, 19.550226799950188)
2025-12-09 07:32:28,908 Mask 0: score=0.942, area_ratio=0.1182 (11.82%)
2025-12-09 07:32:28,909 Mask 1: score=0.961, area_ratio=0.2234 (22.34%)
2025-12-09 07:32:28,910 Mask 2: score=0.826, area_ratio=0.5940 (59.40%)
2025-12-09 07:32:28,972 Generated 44 polygons
2025-12-09 07:32:28,972 Filtering noise: Keeping largest polygon of 44
2025-12-09 07:32:29,010 Calculated area: 8057.052495881908 m2
2025-12-09 07:40:03,031 --- Processing Request: 19.5490171270491, 74.18994817860481 ---
2025-12-09 07:40:04,095 Image shape: (640, 640, 3), Mean: 90.01, Std: 30.18
2025-12-09 07:40:04,105 BBox: (74.18908987564615, 19.54820830047443, 74.19080648156347, 19.549825953623774)
2025-12-09 07:40:18,642 Mask 0: score=0.995, area_ratio=0.0511 (5.11%)
2025-12-09 07:40:18,644 Mask 1: score=0.858, area_ratio=0.1313 (13.13%)
2025-12-09 07:40:18,645 Mask 2: score=0.776, area_ratio=0.4069 (40.69%)
2025-12-09 07:40:18,691 Generated 1 polygons
2025-12-09 07:40:18,738 Calculated area: 1865.4735248526727 m2
2025-12-09 07:40:29,052 --- Processing Request: 19.549365934727952, 74.18908450730201 ---
2025-12-09 07:40:29,677 Image shape: (640, 640, 3), Mean: 83.82, Std: 30.01
2025-12-09 07:40:29,686 BBox: (74.18822620434335, 19.54855710990172, 74.18994281026067, 19.550174759554185)
2025-12-09 07:40:45,845 Mask 0: score=0.945, area_ratio=0.1198 (11.98%)
2025-12-09 07:40:45,845 Mask 1: score=0.942, area_ratio=0.2463 (24.63%)
2025-12-09 07:40:45,845 Mask 2: score=0.929, area_ratio=0.6572 (65.72%)
2025-12-09 07:40:45,868 Generated 18 polygons
2025-12-09 07:40:45,868 Filtering noise: Keeping largest polygon of 18
2025-12-09 07:40:45,872 Calculated area: 8909.332287955029 m2
2025-12-09 07:40:55,352 --- Processing Request: 19.5501343199981, 74.19043634064552 ---
2025-12-09 07:40:56,266 Image shape: (640, 640, 3), Mean: 80.35, Std: 31.62
2025-12-09 07:40:56,273 BBox: (74.18957803768686, 19.549325499023595, 74.19129464360418, 19.550943140972606)
2025-12-09 07:41:10,665 Mask 0: score=0.843, area_ratio=0.0621 (6.21%)
2025-12-09 07:41:10,665 Mask 1: score=0.953, area_ratio=0.1246 (12.46%)
2025-12-09 07:41:10,667 Mask 2: score=0.927, area_ratio=0.1259 (12.59%)
2025-12-09 07:41:10,682 Generated 2 polygons
2025-12-09 07:41:10,682 Filtering noise: Keeping largest polygon of 2
2025-12-09 07:41:10,685 Calculated area: 4549.438024001623 m2
2025-12-09 07:41:16,218 --- Processing Request: 19.550649944904045, 74.18957803376075 ---
2025-12-09 07:41:16,932 Image shape: (640, 640, 3), Mean: 83.58, Std: 27.05
2025-12-09 07:41:16,940 BBox: (74.18871973080209, 19.549841126514323, 74.19043633671942, 19.551458763293766)
2025-12-09 07:41:31,657 Mask 0: score=0.991, area_ratio=0.0898 (8.98%)
2025-12-09 07:41:31,659 Mask 1: score=0.913, area_ratio=0.1830 (18.30%)
2025-12-09 07:41:31,660 Mask 2: score=0.796, area_ratio=0.4884 (48.84%)
2025-12-09 07:41:31,671 Generated 1 polygons
2025-12-09 07:41:31,675 Calculated area: 6680.764073475775 m2
2025-12-09 07:41:44,025 --- Processing Request: 19.550619614072833, 74.18973360188362 ---
2025-12-09 07:41:44,720 Image shape: (640, 640, 3), Mean: 83.39, Std: 26.65
2025-12-09 07:41:44,727 BBox: (74.18887529892496, 19.549810795531062, 74.19059190484228, 19.551428432614603)
2025-12-09 07:41:59,330 Mask 0: score=0.992, area_ratio=0.0900 (9.00%)
2025-12-09 07:41:59,331 Mask 1: score=0.890, area_ratio=0.1830 (18.30%)
2025-12-09 07:41:59,331 Mask 2: score=0.782, area_ratio=0.3903 (39.03%)
2025-12-09 07:41:59,346 Generated 2 polygons
2025-12-09 07:41:59,346 Filtering noise: Keeping largest polygon of 2
2025-12-09 07:41:59,348 Calculated area: 3287.78075170554 m2
2025-12-09 07:42:09,131 --- Processing Request: 19.550239233146794, 74.18894505465222 ---
2025-12-09 07:42:09,752 Image shape: (640, 640, 3), Mean: 79.73, Std: 29.60
2025-12-09 07:42:09,759 BBox: (74.18808675169356, 19.549430412698204, 74.18980335761088, 19.551048053595384)
2025-12-09 07:42:24,155 Mask 0: score=0.959, area_ratio=0.1450 (14.50%)
2025-12-09 07:42:24,156 Mask 1: score=0.937, area_ratio=0.1935 (19.35%)
2025-12-09 07:42:24,157 Mask 2: score=0.703, area_ratio=0.5341 (53.41%)
2025-12-09 07:42:24,184 Generated 53 polygons
2025-12-09 07:42:24,185 Filtering noise: Keeping largest polygon of 53
2025-12-09 07:42:24,189 Calculated area: 6991.438426040946 m2
2025-12-09 07:42:37,508 --- Processing Request: 19.55052232135038, 74.1882208582182 ---
2025-12-09 07:42:38,092 Image shape: (640, 640, 3), Mean: 79.27, Std: 31.39
2025-12-09 07:42:38,097 BBox: (74.18736255525954, 19.549713502320884, 74.18907916117686, 19.551331140379872)
2025-12-09 07:42:52,516 Mask 0: score=0.980, area_ratio=0.0732 (7.32%)
2025-12-09 07:42:52,516 Mask 1: score=0.869, area_ratio=0.1808 (18.08%)
2025-12-09 07:42:52,516 Mask 2: score=0.793, area_ratio=0.2014 (20.14%)
2025-12-09 07:42:52,527 Generated 1 polygons
2025-12-09 07:42:52,532 Calculated area: 2674.067762231738 m2
2025-12-09 07:42:57,224 --- Processing Request: 19.5508458501177, 74.18892896139813 ---
2025-12-09 07:42:58,132 Image shape: (640, 640, 3), Mean: 81.51, Std: 30.15
2025-12-09 07:42:58,139 BBox: (74.18807065843947, 19.55003703271005, 74.1897872643568, 19.551654667525348)
2025-12-09 07:43:12,670 Mask 0: score=1.001, area_ratio=0.1070 (10.70%)
2025-12-09 07:43:12,670 Mask 1: score=0.943, area_ratio=0.2197 (21.97%)
2025-12-09 07:43:12,670 Mask 2: score=0.704, area_ratio=0.3691 (36.91%)
2025-12-09 07:43:12,685 Generated 1 polygons
2025-12-09 07:43:12,689 Calculated area: 8022.2188557311165 m2
2025-12-09 07:43:24,606 --- Processing Request: 19.551413085635055, 74.18906696684444 ---
2025-12-09 07:43:26,410 Image shape: (640, 640, 3), Mean: 79.27, Std: 31.99
2025-12-09 07:43:26,418 BBox: (74.18820866388577, 19.550604271071013, 74.1899252698031, 19.552221900199097)
2025-12-09 07:43:40,682 Mask 0: score=1.005, area_ratio=0.1230 (12.30%)
2025-12-09 07:43:40,683 Mask 1: score=0.994, area_ratio=0.2215 (22.15%)
2025-12-09 07:43:40,683 Mask 2: score=0.709, area_ratio=0.3897 (38.97%)
2025-12-09 07:43:40,698 Generated 1 polygons
2025-12-09 07:43:40,702 Calculated area: 8087.184063968233 m2
2025-12-09 07:43:43,247 --- Processing Request: 19.55098340036026, 74.1897804344424 ---
2025-12-09 07:43:43,903 Image shape: (640, 640, 3), Mean: 86.12, Std: 29.94
2025-12-09 07:43:43,910 BBox: (74.18892213148374, 19.550174583642157, 74.19063873740106, 19.55179221707836)
2025-12-09 07:43:58,254 Mask 0: score=0.971, area_ratio=0.0912 (9.12%)
2025-12-09 07:43:58,255 Mask 1: score=0.773, area_ratio=0.2340 (23.40%)
2025-12-09 07:43:58,255 Mask 2: score=0.572, area_ratio=0.1990 (19.90%)
2025-12-09 07:43:58,267 Generated 1 polygons
2025-12-09 07:43:58,270 Calculated area: 3330.8390929310162 m2
2025-12-09 07:44:01,996 --- Processing Request: 19.55131198332041, 74.18960340864741 ---
2025-12-09 07:44:02,996 Image shape: (640, 640, 3), Mean: 84.98, Std: 33.43
2025-12-09 07:44:03,003 BBox: (74.18874510568875, 19.550503168249527, 74.19046171160608, 19.552120798391293)
2025-12-09 07:44:17,464 Mask 0: score=0.802, area_ratio=0.0023 (0.23%)
2025-12-09 07:44:17,464 Mask 1: score=0.960, area_ratio=0.0861 (8.61%)
2025-12-09 07:44:17,465 Mask 2: score=0.758, area_ratio=0.2863 (28.63%)
2025-12-09 07:44:17,483 Generated 3 polygons
2025-12-09 07:44:17,483 Filtering noise: Keeping largest polygon of 3
2025-12-09 07:44:17,483 Calculated area: 3140.594768087313 m2
2025-12-09 07:44:21,136 --- Processing Request: 19.551433306090384, 74.19012912161433 ---
2025-12-09 07:44:21,977 Image shape: (640, 640, 3), Mean: 89.38, Std: 37.95
2025-12-09 07:44:21,985 BBox: (74.18927081865567, 19.550624491627712, 74.190987424573, 19.552242120553057)
2025-12-09 07:44:36,427 Mask 0: score=0.971, area_ratio=0.0787 (7.87%)
2025-12-09 07:44:36,428 Mask 1: score=0.885, area_ratio=0.2157 (21.57%)
2025-12-09 07:44:36,430 Mask 2: score=0.671, area_ratio=0.6359 (63.59%)
2025-12-09 07:44:36,448 Generated 21 polygons
2025-12-09 07:44:36,448 Filtering noise: Keeping largest polygon of 21
2025-12-09 07:44:36,452 Calculated area: 7850.768168029404 m2
2025-12-09 07:44:51,227 --- Processing Request: 19.5509494824873, 74.19042973564508 ---
2025-12-09 07:44:52,095 Image shape: (640, 640, 3), Mean: 87.93, Std: 37.31
2025-12-09 07:44:52,104 BBox: (74.18957143268642, 19.550140665599166, 74.19128803860374, 19.551758299375436)
2025-12-09 07:45:06,570 Mask 0: score=0.982, area_ratio=0.0780 (7.80%)
2025-12-09 07:45:06,571 Mask 1: score=0.920, area_ratio=0.0782 (7.82%)
2025-12-09 07:45:06,571 Mask 2: score=0.716, area_ratio=0.6218 (62.18%)
2025-12-09 07:45:06,585 Generated 1 polygons
2025-12-09 07:45:06,587 Calculated area: 2848.44527778335 m2
2025-12-09 07:45:18,711 --- Processing Request: 19.551434447835994, 74.18841236822817 ---
2025-12-09 07:45:19,626 Image shape: (640, 640, 3), Mean: 76.60, Std: 34.29
2025-12-09 07:45:19,633 BBox: (74.18755406526951, 19.550625633379045, 74.18927067118683, 19.552243262292944)
2025-12-09 07:45:34,004 Mask 0: score=0.992, area_ratio=0.0495 (4.95%)
2025-12-09 07:45:34,005 Mask 1: score=0.991, area_ratio=0.0938 (9.38%)
2025-12-09 07:45:34,005 Mask 2: score=0.859, area_ratio=0.1374 (13.74%)
2025-12-09 07:45:34,018 Generated 1 polygons
2025-12-09 07:45:34,023 Calculated area: 3424.360712309125 m2
2025-12-09 07:45:40,443 --- Processing Request: 19.55088343952586, 74.19128769629214 ---
2025-12-09 07:45:41,240 Image shape: (640, 640, 3), Mean: 92.95, Std: 39.09
2025-12-09 07:45:41,247 BBox: (74.19042939333347, 19.55007462230665, 74.1921459992508, 19.551692256745074)
2025-12-09 07:45:55,504 Mask 0: score=0.993, area_ratio=0.0466 (4.66%)
2025-12-09 07:45:55,504 Mask 1: score=0.990, area_ratio=0.0491 (4.91%)
2025-12-09 07:45:55,504 Mask 2: score=0.613, area_ratio=0.0672 (6.72%)
2025-12-09 07:45:55,516 Generated 2 polygons
2025-12-09 07:45:55,516 Filtering noise: Keeping largest polygon of 2
2025-12-09 07:45:55,521 Calculated area: 1702.060624246692 m2
2025-12-09 07:45:59,276 --- Processing Request: 19.550003844378878, 74.19106775515291 ---
2025-12-09 07:46:00,073 Image shape: (640, 640, 3), Mean: 77.92, Std: 33.18
2025-12-09 07:46:00,081 BBox: (74.19020945219425, 19.54919502275032, 74.19192605811158, 19.550812666007435)
2025-12-09 07:46:14,524 Mask 0: score=0.737, area_ratio=0.0323 (3.23%)
2025-12-09 07:46:14,524 Mask 1: score=0.983, area_ratio=0.1487 (14.87%)
2025-12-09 07:46:14,525 Mask 2: score=0.762, area_ratio=0.2302 (23.02%)
2025-12-09 07:46:14,537 Generated 4 polygons
2025-12-09 07:46:14,537 Filtering noise: Keeping largest polygon of 4
2025-12-09 07:46:14,539 Calculated area: 5429.174668634931 m2
2025-12-09 07:46:23,404 --- Processing Request: 19.549376583733746, 74.1890610173314 ---
2025-12-09 07:46:24,185 Image shape: (640, 640, 3), Mean: 83.41, Std: 30.05
2025-12-09 07:46:24,192 BBox: (74.18820271437274, 19.548567758960893, 74.18991932029006, 19.5501854085066)
2025-12-09 07:46:38,581 Mask 0: score=0.951, area_ratio=0.1232 (12.32%)
2025-12-09 07:46:38,581 Mask 1: score=0.943, area_ratio=0.2500 (25.00%)
2025-12-09 07:46:38,582 Mask 2: score=0.917, area_ratio=0.6241 (62.41%)
2025-12-09 07:46:38,597 Generated 17 polygons
2025-12-09 07:46:38,597 Filtering noise: Keeping largest polygon of 17
2025-12-09 07:46:38,602 Calculated area: 8943.209100375458 m2
2025-12-09 07:47:11,645 --- Processing Request: 19.54873208063938, 74.19017953391459 ---
2025-12-09 07:47:12,647 Image shape: (640, 640, 3), Mean: 92.36, Std: 34.45
2025-12-09 07:47:12,655 BBox: (74.18932123095593, 19.547923252635897, 74.19103783687325, 19.54954090864286)
2025-12-09 07:47:26,805 Mask 0: score=0.849, area_ratio=0.0292 (2.92%)
2025-12-09 07:47:26,805 Mask 1: score=0.982, area_ratio=0.1145 (11.45%)
2025-12-09 07:47:26,805 Mask 2: score=0.771, area_ratio=0.5063 (50.63%)
2025-12-09 07:47:26,825 Generated 5 polygons
2025-12-09 07:47:26,825 Filtering noise: Keeping largest polygon of 5
2025-12-09 07:47:26,829 Calculated area: 4179.994044465849 m2
2025-12-09 09:52:45,371 --- Processing Request: 19.552258797792526, 74.18870318604743 ---
2025-12-09 09:52:46,903 Image shape: (640, 640, 3), Mean: 76.40, Std: 35.11
2025-12-09 09:52:46,914 BBox: (74.18784488308877, 19.551449987468267, 74.1895614890061, 19.553067608116784)
2025-12-09 09:53:40,263 --- Processing Request: 20.5952113994969, 78.96424160627946 ---
2025-12-09 09:53:41,135 Image shape: (640, 640, 3), Mean: 110.67, Std: 34.29
2025-12-09 09:53:41,146 BBox: (78.9633833033208, 20.594407951591606, 78.96509990923812, 20.596014847402195)
2025-12-09 09:54:04,407 Mask 0: score=0.981, area_ratio=0.0601 (6.01%)
2025-12-09 09:54:04,409 Mask 1: score=0.879, area_ratio=0.1498 (14.98%)
2025-12-09 09:54:04,412 Mask 2: score=0.891, area_ratio=0.2107 (21.07%)
2025-12-09 09:54:04,559 Generated 3 polygons
2025-12-09 09:54:04,560 Filtering noise: Keeping largest polygon of 3
2025-12-09 09:54:04,666 Calculated area: 7694.324868144464 m2
2025-12-09 09:54:25,450 Mask 0: score=0.543, area_ratio=0.0002 (0.02%)
2025-12-09 09:54:25,450 Mask 0 SKIPPED (size)
2025-12-09 09:54:25,452 Mask 1: score=0.970, area_ratio=0.1397 (13.97%)
2025-12-09 09:54:25,452 Mask 2: score=0.908, area_ratio=0.3665 (36.65%)
2025-12-09 09:54:25,485 Generated 11 polygons
2025-12-09 09:54:25,487 Filtering noise: Keeping largest polygon of 11
2025-12-09 09:54:25,500 Calculated area: 5095.478306512141 m2
2025-12-09 09:54:27,424 --- Processing Request: 20.59481124917432, 78.9631593704398 ---
2025-12-09 09:54:30,066 Image shape: (640, 640, 3), Mean: 125.37, Std: 32.18
2025-12-09 09:54:30,080 BBox: (78.96230106748114, 20.594007799160458, 78.96401767339846, 20.595614699188182)
2025-12-09 09:55:06,525 Mask 0: score=0.740, area_ratio=0.0028 (0.28%)
2025-12-09 09:55:06,527 Mask 1: score=1.014, area_ratio=0.2928 (29.28%)
2025-12-09 09:55:06,529 Mask 2: score=0.906, area_ratio=0.4142 (41.42%)
2025-12-09 09:55:06,553 Generated 1 polygons
2025-12-09 09:55:06,559 Calculated area: 10690.477097012788 m2
2025-12-09 09:55:29,866 --- Processing Request: 20.594814850140978, 78.96316642042187 ---
2025-12-09 09:55:31,387 Image shape: (640, 640, 3), Mean: 125.43, Std: 32.12
2025-12-09 09:55:31,399 BBox: (78.96230811746321, 20.59401140014609, 78.96402472338053, 20.595618300135865)
2025-12-09 09:56:17,454 Mask 0: score=0.894, area_ratio=0.0020 (0.20%)
2025-12-09 09:56:17,455 Mask 1: score=0.977, area_ratio=0.2943 (29.43%)
2025-12-09 09:56:17,457 Mask 2: score=0.855, area_ratio=0.4160 (41.60%)
2025-12-09 09:56:17,477 Generated 1 polygons
2025-12-09 09:56:17,483 Calculated area: 10746.284934823456 m2
2025-12-09 09:57:15,073 --- Processing Request: 20.595512848919185, 78.96369213338879 ---
2025-12-09 09:57:15,750 Image shape: (640, 640, 3), Mean: 114.80, Std: 34.44
2025-12-09 09:57:15,762 BBox: (78.96283383043013, 20.594709402602387, 78.96455043634745, 20.596316295235983)
2025-12-09 09:57:53,299 Mask 0: score=0.982, area_ratio=0.2947 (29.47%)
2025-12-09 09:57:53,299 Mask 1: score=0.990, area_ratio=0.3261 (32.61%)
2025-12-09 09:57:53,302 Mask 2: score=0.880, area_ratio=0.4801 (48.01%)
2025-12-09 09:57:53,328 Generated 5 polygons
2025-12-09 09:57:53,328 Filtering noise: Keeping largest polygon of 5
2025-12-09 09:57:53,337 Calculated area: 10757.089880388326 m2
2025-12-09 12:19:49,280 --- Processing Request: 19.548194215970604, 74.18821011064524 ---
2025-12-09 12:19:50,200 Image shape: (640, 640, 3), Mean: 80.59, Std: 32.85
2025-12-09 12:19:50,206 BBox: (74.18735180768658, 19.54738538527111, 74.1890684136039, 19.549003046670098)
2025-12-09 12:20:07,964 Mask 0: score=0.988, area_ratio=0.0437 (4.37%)
2025-12-09 12:20:07,964 Mask 1: score=0.979, area_ratio=0.0856 (8.56%)
2025-12-09 12:20:07,964 Mask 2: score=0.957, area_ratio=0.1724 (17.24%)
2025-12-09 12:20:08,053 Generated 3 polygons
2025-12-09 12:20:08,053 Filtering noise: Keeping largest polygon of 3
2025-12-09 12:20:08,113 Calculated area: 6295.534477644459 m2
